<?xml version="1.0" encoding="UTF-8"?>
<testng-results ignored="0" total="1" passed="1" failed="0" skipped="0">
  <reporter-output>
    <line>
      <![CDATA[Search Product Name is :Winter Heater]]>
    </line>
    <line>
      <![CDATA[ProductName is:WunderVoX 3D Flame Styling Wall Mounted Heater Winter Warmer Room Heater Electric-X37 3D Flame Styling Wall Mounted Heater Winter Warmer Room Heater Electric Fan Room Heater]]>
    </line>
    <line>
      <![CDATA[Cart Product Name is:WunderVoX 3D Flame Styling Wall Mounted Heater Winter Warmer Room Heater Electric-X37 3D Flame Styling Wall Mounted Heater Winter Warmer Room Heater Electric Fan Room Heater]]>
    </line>
  </reporter-output>
  <suite started-at="2022-09-30T14:17:26 IST" name="Default suite" finished-at="2022-09-30T14:18:02 IST" duration-ms="36023">
    <groups>
    </groups>
    <test started-at="2022-09-30T14:17:26 IST" name="Default test" finished-at="2022-09-30T14:18:02 IST" duration-ms="36023">
      <class name="com.flipcart.addToCart.FlipkartAddToCart">
        <test-method is-config="true" signature="suiteSetup()[pri:0, instance:com.flipcart.addToCart.FlipkartAddToCart@7ce026d3]" started-at="2022-09-30T14:17:25 IST" name="suiteSetup" finished-at="2022-09-30T14:17:26 IST" duration-ms="974" status="PASS">
          <reporter-output>
          </reporter-output>
        </test-method> <!-- suiteSetup -->
        <test-method is-config="true" signature="openApp()[pri:0, instance:com.flipcart.addToCart.FlipkartAddToCart@7ce026d3]" started-at="2022-09-30T14:17:26 IST" name="openApp" finished-at="2022-09-30T14:17:36 IST" duration-ms="9559" status="PASS">
          <reporter-output>
          </reporter-output>
        </test-method> <!-- openApp -->
        <test-method signature="flipkartAddToCart()[pri:0, instance:com.flipcart.addToCart.FlipkartAddToCart@7ce026d3]" started-at="2022-09-30T14:17:36 IST" name="flipkartAddToCart" finished-at="2022-09-30T14:18:02 IST" duration-ms="26205" status="PASS">
          <reporter-output>
            <line>
              <![CDATA[Search Product Name is :Winter Heater]]>
            </line>
            <line>
              <![CDATA[ProductName is:WunderVoX 3D Flame Styling Wall Mounted Heater Winter Warmer Room Heater Electric-X37 3D Flame Styling Wall Mounted Heater Winter Warmer Room Heater Electric Fan Room Heater]]>
            </line>
            <line>
              <![CDATA[Cart Product Name is:WunderVoX 3D Flame Styling Wall Mounted Heater Winter Warmer Room Heater Electric-X37 3D Flame Styling Wall Mounted Heater Winter Warmer Room Heater Electric Fan Room Heater]]>
            </line>
          </reporter-output>
        </test-method> <!-- flipkartAddToCart -->
        <test-method is-config="true" signature="closeApp()[pri:0, instance:com.flipcart.addToCart.FlipkartAddToCart@7ce026d3]" started-at="2022-09-30T14:18:02 IST" name="closeApp" finished-at="2022-09-30T14:18:02 IST" duration-ms="217" status="PASS">
          <reporter-output>
          </reporter-output>
        </test-method> <!-- closeApp -->
        <test-method is-config="true" signature="suiteTeardown()[pri:0, instance:com.flipcart.addToCart.FlipkartAddToCart@7ce026d3]" started-at="2022-09-30T14:18:02 IST" name="suiteTeardown" finished-at="2022-09-30T14:18:02 IST" duration-ms="2" status="PASS">
          <reporter-output>
          </reporter-output>
        </test-method> <!-- suiteTeardown -->
      </class> <!-- com.flipcart.addToCart.FlipkartAddToCart -->
    </test> <!-- Default test -->
  </suite> <!-- Default suite -->
</testng-results>
